21-09-2020 00:13:34.778 [SpringContextShutdownHook] INFO  o.s.o.j.LocalContainerEntityManagerFactoryBean.destroy - Closing JPA EntityManagerFactory for persistence unit 'default'
21-09-2020 00:13:34.785 [SpringContextShutdownHook] INFO  o.s.s.c.ThreadPoolTaskExecutor.shutdown - Shutting down ExecutorService 'applicationTaskExecutor'
21-09-2020 00:13:34.786 [SpringContextShutdownHook] INFO  com.zaxxer.hikari.HikariDataSource.close - HikariPool-1 - Shutdown initiated...
21-09-2020 00:13:34.796 [SpringContextShutdownHook] INFO  com.zaxxer.hikari.HikariDataSource.close - HikariPool-1 - Shutdown completed.
21-09-2020 00:13:42.147 [main] INFO  c.e.t.ThunderboltApplication.logStarting - Starting ThunderboltApplication on Nimbus with PID 18196 (G:\Projects\Thunderbolt\spring-thunderbolt\target\classes started by Nimal in G:\Projects\Thunderbolt\spring-thunderbolt)
21-09-2020 00:13:42.153 [main] INFO  c.e.t.ThunderboltApplication.logStartupProfileInfo - No active profile set, falling back to default profiles: default
21-09-2020 00:13:43.498 [main] INFO  o.s.d.r.c.RepositoryConfigurationDelegate.registerRepositoriesIn - Bootstrapping Spring Data JPA repositories in DEFERRED mode.
21-09-2020 00:13:43.601 [main] INFO  o.s.d.r.c.RepositoryConfigurationDelegate.registerRepositoriesIn - Finished Spring Data repository scanning in 90ms. Found 5 JPA repository interfaces.
21-09-2020 00:13:44.656 [main] INFO  o.s.b.w.e.tomcat.TomcatWebServer.initialize - Tomcat initialized with port(s): 8080 (http)
21-09-2020 00:13:44.669 [main] INFO  o.a.catalina.core.StandardService.log - Starting service [Tomcat]
21-09-2020 00:13:44.669 [main] INFO  o.a.catalina.core.StandardEngine.log - Starting Servlet engine: [Apache Tomcat/9.0.38]
21-09-2020 00:13:44.826 [main] INFO  o.a.c.c.C.[Tomcat].[localhost].[/].log - Initializing Spring embedded WebApplicationContext
21-09-2020 00:13:44.826 [main] INFO  o.s.b.w.s.c.ServletWebServerApplicationContext.prepareWebApplicationContext - Root WebApplicationContext: initialization completed in 2587 ms
21-09-2020 00:13:45.052 [main] INFO  o.s.s.c.ThreadPoolTaskExecutor.initialize - Initializing ExecutorService 'applicationTaskExecutor'
21-09-2020 00:13:45.109 [task-1] INFO  o.h.jpa.internal.util.LogHelper.logPersistenceUnitInformation - HHH000204: Processing PersistenceUnitInfo [name: default]
21-09-2020 00:13:45.197 [task-1] INFO  org.hibernate.Version.logVersion - HHH000412: Hibernate ORM core version 5.4.21.Final
21-09-2020 00:13:45.438 [main] WARN  o.s.b.a.o.j.JpaBaseConfiguration$JpaWebConfiguration.openEntityManagerInViewInterceptor - spring.jpa.open-in-view is enabled by default. Therefore, database queries may be performed during view rendering. Explicitly configure spring.jpa.open-in-view to disable this warning
21-09-2020 00:13:45.452 [task-1] INFO  o.h.annotations.common.Version.<clinit> - HCANN000001: Hibernate Commons Annotations {5.1.0.Final}
21-09-2020 00:13:45.629 [task-1] INFO  com.zaxxer.hikari.HikariDataSource.getConnection - HikariPool-1 - Starting...
21-09-2020 00:13:45.711 [main] INFO  s.d.s.w.PropertySourcedRequestMappingHandlerMapping.initHandlerMethods - Mapped URL path [/v2/api-docs] onto method [springfox.documentation.swagger2.web.Swagger2Controller#getDocumentation(String, HttpServletRequest)]
21-09-2020 00:13:45.814 [task-1] INFO  com.zaxxer.hikari.HikariDataSource.getConnection - HikariPool-1 - Start completed.
21-09-2020 00:13:45.838 [task-1] INFO  org.hibernate.dialect.Dialect.<init> - HHH000400: Using dialect: org.hibernate.dialect.PostgreSQLDialect
21-09-2020 00:13:46.247 [main] INFO  o.s.b.w.e.tomcat.TomcatWebServer.start - Tomcat started on port(s): 8080 (http) with context path ''
21-09-2020 00:13:46.249 [main] INFO  s.d.s.w.p.DocumentationPluginsBootstrapper.start - Context refreshed
21-09-2020 00:13:46.284 [main] INFO  s.d.s.w.p.DocumentationPluginsBootstrapper.start - Found 1 custom documentation plugin(s)
21-09-2020 00:13:46.329 [main] INFO  s.d.s.w.s.ApiListingReferenceScanner.scan - Scanning for api listing references
21-09-2020 00:13:46.595 [main] INFO  o.s.d.r.c.DeferredRepositoryInitializationListener.onApplicationEvent - Triggering deferred initialization of Spring Data repositories…
21-09-2020 00:13:47.839 [task-1] INFO  o.h.e.t.j.p.i.JtaPlatformInitiator.initiateService - HHH000490: Using JtaPlatform implementation: [org.hibernate.engine.transaction.jta.platform.internal.NoJtaPlatform]
21-09-2020 00:13:47.847 [task-1] INFO  o.s.o.j.LocalContainerEntityManagerFactoryBean.buildNativeEntityManagerFactory - Initialized JPA EntityManagerFactory for persistence unit 'default'
21-09-2020 00:13:48.415 [main] INFO  o.s.d.r.c.DeferredRepositoryInitializationListener.onApplicationEvent - Spring Data repositories initialized!
21-09-2020 00:13:48.424 [main] INFO  c.e.t.ThunderboltApplication.logStarted - Started ThunderboltApplication in 6.98 seconds (JVM running for 7.995)
21-09-2020 00:13:59.270 [http-nio-8080-exec-2] INFO  o.a.c.c.C.[Tomcat].[localhost].[/].log - Initializing Spring DispatcherServlet 'dispatcherServlet'
21-09-2020 00:13:59.271 [http-nio-8080-exec-2] INFO  o.s.web.servlet.DispatcherServlet.initServletBean - Initializing Servlet 'dispatcherServlet'
21-09-2020 00:13:59.279 [http-nio-8080-exec-2] INFO  o.s.web.servlet.DispatcherServlet.initServletBean - Completed initialization in 8 ms
21-09-2020 00:31:27.280 [http-nio-8080-exec-1] INFO  c.e.t.controller.ProductsController.getAllProductDetails - Inside Get All Product Details
21-09-2020 02:38:02.061 [SpringContextShutdownHook] INFO  o.s.o.j.LocalContainerEntityManagerFactoryBean.destroy - Closing JPA EntityManagerFactory for persistence unit 'default'
21-09-2020 02:38:02.076 [SpringContextShutdownHook] INFO  o.s.s.c.ThreadPoolTaskExecutor.shutdown - Shutting down ExecutorService 'applicationTaskExecutor'
21-09-2020 02:38:02.078 [SpringContextShutdownHook] INFO  com.zaxxer.hikari.HikariDataSource.close - HikariPool-1 - Shutdown initiated...
21-09-2020 02:38:02.091 [SpringContextShutdownHook] INFO  com.zaxxer.hikari.HikariDataSource.close - HikariPool-1 - Shutdown completed.
